<?xml version="1.0" encoding="UTF-8"?>
<testng-results skipped="0" failed="0" ignored="0" total="1" passed="1">
  <reporter-output>
  </reporter-output>
  <suite name="Default suite" duration-ms="25251" started-at="2020-03-21T01:59:27Z" finished-at="2020-03-21T01:59:52Z">
    <groups>
    </groups>
    <test name="Default test" duration-ms="25251" started-at="2020-03-21T01:59:27Z" finished-at="2020-03-21T01:59:52Z">
      <class name="actionClass.SpiceJet">
        <test-method status="PASS" signature="goToAddons()[pri:0, instance:actionClass.SpiceJet@204f30ec]" name="goToAddons" duration-ms="25107" started-at="2020-03-21T01:59:27Z" finished-at="2020-03-21T01:59:52Z">
          <reporter-output>
          </reporter-output>
        </test-method> <!-- goToAddons -->
      </class> <!-- actionClass.SpiceJet -->
    </test> <!-- Default test -->
  </suite> <!-- Default suite -->
</testng-results>
